Determining if the pthread_create exist failed with the following output:
Change Dir: /home/javi/MasterInformatica/2Q/AG/SolarSystem/CMakeFiles/CMakeTmp

Run Build Command:"/usr/bin/make" "cmTC_f1c34/fast"
make[1]: Entering directory '/home/javi/MasterInformatica/2Q/AG/SolarSystem/CMakeFiles/CMakeTmp'
/usr/bin/make -f CMakeFiles/cmTC_f1c34.dir/build.make CMakeFiles/cmTC_f1c34.dir/build
make[2]: Entering directory '/home/javi/MasterInformatica/2Q/AG/SolarSystem/CMakeFiles/CMakeTmp'
Building C object CMakeFiles/cmTC_f1c34.dir/CheckSymbolExists.c.o
/usr/bin/cc     -o CMakeFiles/cmTC_f1c34.dir/CheckSymbolExists.c.o   -c /home/javi/MasterInformatica/2Q/AG/SolarSystem/CMakeFiles/CMakeTmp/CheckSymbolExists.c
Linking C executable cmTC_f1c34
/usr/bin/cmake -E cmake_link_script CMakeFiles/cmTC_f1c34.dir/link.txt --verbose=1
/usr/bin/cc       CMakeFiles/cmTC_f1c34.dir/CheckSymbolExists.c.o  -o cmTC_f1c34 -rdynamic 
CMakeFiles/cmTC_f1c34.dir/CheckSymbolExists.c.o: In function `main':
CheckSymbolExists.c:(.text+0x16): undefined reference to `pthread_create'
collect2: error: ld returned 1 exit status
CMakeFiles/cmTC_f1c34.dir/build.make:97: recipe for target 'cmTC_f1c34' failed
make[2]: *** [cmTC_f1c34] Error 1
make[2]: Leaving directory '/home/javi/MasterInformatica/2Q/AG/SolarSystem/CMakeFiles/CMakeTmp'
Makefile:126: recipe for target 'cmTC_f1c34/fast' failed
make[1]: *** [cmTC_f1c34/fast] Error 2
make[1]: Leaving directory '/home/javi/MasterInformatica/2Q/AG/SolarSystem/CMakeFiles/CMakeTmp'

File /home/javi/MasterInformatica/2Q/AG/SolarSystem/CMakeFiles/CMakeTmp/CheckSymbolExists.c:
/* */
#include <pthread.h>

int main(int argc, char** argv)
{
  (void)argv;
#ifndef pthread_create
  return ((int*)(&pthread_create))[argc];
#else
  (void)argc;
  return 0;
#endif
}

Determining if the function pthread_create exists in the pthreads failed with the following output:
Change Dir: /home/javi/MasterInformatica/2Q/AG/SolarSystem/CMakeFiles/CMakeTmp

Run Build Command:"/usr/bin/make" "cmTC_8168d/fast"
make[1]: Entering directory '/home/javi/MasterInformatica/2Q/AG/SolarSystem/CMakeFiles/CMakeTmp'
/usr/bin/make -f CMakeFiles/cmTC_8168d.dir/build.make CMakeFiles/cmTC_8168d.dir/build
make[2]: Entering directory '/home/javi/MasterInformatica/2Q/AG/SolarSystem/CMakeFiles/CMakeTmp'
Building C object CMakeFiles/cmTC_8168d.dir/CheckFunctionExists.c.o
/usr/bin/cc    -DCHECK_FUNCTION_EXISTS=pthread_create   -o CMakeFiles/cmTC_8168d.dir/CheckFunctionExists.c.o   -c /usr/share/cmake-3.5/Modules/CheckFunctionExists.c
Linking C executable cmTC_8168d
/usr/bin/cmake -E cmake_link_script CMakeFiles/cmTC_8168d.dir/link.txt --verbose=1
/usr/bin/cc   -DCHECK_FUNCTION_EXISTS=pthread_create    CMakeFiles/cmTC_8168d.dir/CheckFunctionExists.c.o  -o cmTC_8168d -rdynamic -lpthreads 
/usr/bin/ld: cannot find -lpthreads
collect2: error: ld returned 1 exit status
CMakeFiles/cmTC_8168d.dir/build.make:97: recipe for target 'cmTC_8168d' failed
make[2]: *** [cmTC_8168d] Error 1
make[2]: Leaving directory '/home/javi/MasterInformatica/2Q/AG/SolarSystem/CMakeFiles/CMakeTmp'
Makefile:126: recipe for target 'cmTC_8168d/fast' failed
make[1]: *** [cmTC_8168d/fast] Error 2
make[1]: Leaving directory '/home/javi/MasterInformatica/2Q/AG/SolarSystem/CMakeFiles/CMakeTmp'


